2021-02-05T14:22:24+00:00 NOTICE sync_store :: posting data :: Array
(
    [store_post] => Array
        (
            [id] => 601d00f3983fc
            [is_syncing] => 
            [platform] => woocommerce
            [list_id] => 42446ee0bb
            [name] => picksugar
            [domain] => https://picksugar.com
            [email_address] => jt306101751@gmail.com
            [currency_code] => USD
            [money_format] => $
            [primary_locale] => en_US
            [timezone] => +00:00
            [phone] => 3202009469 
            [address] => Array
                (
                    [address1] => 461 Redbud Drive
                    [city] => New York
                    [province] => NY
                    [postal_code] => 10013
                    [country] => US
                    [country_code] => US
                    [phone] => 3202009469 
                    [company] => picksugar
                )

        )

)

2021-02-05T14:22:26+00:00 NOTICE sync_store :: posting data :: Array
(
    [store_post] => Array
        (
            [id] => 601d00f3983fc
            [is_syncing] => 
            [platform] => woocommerce
            [list_id] => 42446ee0bb
            [name] => picksugar
            [domain] => https://picksugar.com
            [email_address] => jt306101751@gmail.com
            [currency_code] => USD
            [money_format] => $
            [primary_locale] => en_US
            [timezone] => +00:00
            [phone] => 3202009469 
            [address] => Array
                (
                    [address1] => 461 Redbud Drive
                    [city] => New York
                    [province] => NY
                    [postal_code] => 10013
                    [country] => US
                    [country_code] => US
                    [phone] => 3202009469 
                    [company] => picksugar
                )

        )

)

2021-02-05T14:22:28+00:00 NOTICE sync_store :: posting data :: Array
(
    [store_post] => Array
        (
            [id] => 601d00f3983fc
            [is_syncing] => 
            [platform] => woocommerce
            [list_id] => 42446ee0bb
            [name] => picksugar
            [domain] => https://picksugar.com
            [email_address] => jt306101751@gmail.com
            [currency_code] => USD
            [money_format] => $
            [primary_locale] => en_US
            [timezone] => +00:00
            [phone] => 3202009469 
            [address] => Array
                (
                    [address1] => 461 Redbud Drive
                    [city] => New York
                    [province] => NY
                    [postal_code] => 10013
                    [country] => US
                    [country_code] => US
                    [phone] => 3202009469 
                    [company] => picksugar
                )

        )

)

2021-02-05T14:22:29+00:00 NOTICE mailchimp-woocommerce-sync.started :: Starting Sync :: Fri, Feb 5, 2021 2:22 PM
2021-02-05T14:22:29+00:00 NOTICE action_scheduler.queue_job :: MailChimp_WooCommerce_Process_Coupons queued :: page 1
2021-02-05T14:23:14+00:00 NOTICE coupon_sync.completed :: Done with the coupon queueing.
2021-02-05T14:23:14+00:00 NOTICE sync.full_sync_manager.queue :: Starting PRODUCTS queueing.
2021-02-05T14:23:14+00:00 NOTICE action_scheduler.queue_job :: MailChimp_WooCommerce_Process_Products queued :: page 1
2021-02-05T14:23:16+00:00 NOTICE product_sync.completed :: Done with the product queuing
2021-02-05T14:23:28+00:00 NOTICE action_scheduler.queue_job :: MailChimp_WooCommerce_Process_Orders queued :: page 1
2021-02-05T14:23:30+00:00 NOTICE order_sync.completed :: Done with the order queueing.
2021-02-05T14:24:29+00:00 NOTICE sync.completed :: Finished Sync :: Fri, Feb 5, 2021 2:24 PM (total time: 00:02:00)
