[15/Feb/2021:13:31:27] (I): WordPress Instance Info:
[15/Feb/2021:13:31:27] (I): Home URL : https://picksugar.com
[15/Feb/2021:13:31:27] (I): Site URL : https://picksugar.com
[15/Feb/2021:13:31:27] (I): WordPress Version : 5.6.1
[15/Feb/2021:13:31:27] (I): Onboarding Version : 1.1.3
[15/Feb/2021:13:31:27] (I): Multisite : No
[15/Feb/2021:13:31:27] (I): Server Info : LiteSpeed
[15/Feb/2021:13:31:27] (I): PHP Version : 7.4.14
[15/Feb/2021:13:31:27] (I): HTTPS : Yes
[15/Feb/2021:13:31:27] (I): PHP Max Execution Time : 300
[15/Feb/2021:13:31:27] (I): PHP Max Input Vars : 3000
[15/Feb/2021:13:31:27] (I): Max Upload Size : 104857600
[15/Feb/2021:13:31:27] (I): Plugins:
[15/Feb/2021:13:31:27] (I): [PLUGIN] Classic Editor : v1.6 (WordPress Contributors)
[15/Feb/2021:13:31:27] (I): [PLUGIN] Elementor : v3.1.1 (Elementor.com)
[15/Feb/2021:13:31:27] (I): [PLUGIN] Facebook for WooCommerce : v2.2.0 (Facebook)
[15/Feb/2021:13:31:27] (I): [PLUGIN] Jetpack by WordPress.com : v9.4 (Automattic)
[15/Feb/2021:13:31:27] (I): [PLUGIN] Google Ads &amp; Marketing by Kliken : v1.0.7 (Kliken)
[15/Feb/2021:13:31:27] (I): [PLUGIN] MailPoet 3 Premium (New) : v3.59.0 (MailPoet)
[15/Feb/2021:13:31:27] (I): [PLUGIN] MailPoet 3 (New) : v3.59.1 (MailPoet)
[15/Feb/2021:13:31:27] (I): [PLUGIN] Neve Pro Addon : v1.4.1 (ThemeIsle)
[15/Feb/2021:13:31:27] (I): [PLUGIN] Gutenberg Blocks and Template Library by Otter : v1.6.0 (ThemeIsle)
[15/Feb/2021:13:31:27] (I): [PLUGIN] Templates Patterns Collection : v1.1.3 (ThemeIsle)
[15/Feb/2021:13:31:27] (I): [PLUGIN] Orbit Fox Companion : v2.10.3 (Themeisle)
[15/Feb/2021:13:31:27] (I): [PLUGIN] WooCommerce Blocks : v4.4.2 (Automattic)
[15/Feb/2021:13:31:27] (I): [PLUGIN] WooCommerce : v4.9.2 (Automattic)
[15/Feb/2021:13:31:27] (I): [PLUGIN] WP Mail SMTP : v2.6.0 (WPForms)
[15/Feb/2021:13:31:27] (I): [PLUGIN] Smush Pro : v3.8.2 (WPMU DEV)
[15/Feb/2021:13:31:27] (I): [PLUGIN] WPForms Lite : v1.6.4.1 (WPForms)
[15/Feb/2021:13:31:27] (P): Saving remote XML
[15/Feb/2021:13:31:28] (S): Saved remote XML at path /home/picksuga/public_html/wp-content/uploads/themeisle-demo-import.xml.
[15/Feb/2021:13:31:28] (P): Starting content import...
[15/Feb/2021:13:31:28] (S): Import started.
[15/Feb/2021:13:31:28] (S): Parsing XML file.
[15/Feb/2021:13:31:28] (P): Starting parsing file:/home/picksuga/public_html/wp-content/uploads/themeisle-demo-import.xml
[15/Feb/2021:13:31:28] (P): Using WXR_Parser_SimpleXML...
[15/Feb/2021:13:31:28] (S): Parsed XML
[15/Feb/2021:13:31:28] (P): Processing categories...
[15/Feb/2021:13:31:28] (S): Processed categories.
[15/Feb/2021:13:31:28] (P): Processing tags...
[15/Feb/2021:13:31:28] (S): No tags to process.
[15/Feb/2021:13:31:28] (P): Processing terms...
[15/Feb/2021:13:31:28] (S): Processed terms.
[15/Feb/2021:13:31:28] (P): Processing posts...
[15/Feb/2021:13:31:28] (S): Media facebook already exists.
[15/Feb/2021:13:31:28] (S): Media twitter already exists.
[15/Feb/2021:13:31:28] (S): Media instagram already exists.
[15/Feb/2021:13:31:28] (S): Media googleplus already exists.
[15/Feb/2021:13:31:28] (S): Media play already exists.
[15/Feb/2021:13:31:28] (S): Media nv-1 already exists.
[15/Feb/2021:13:31:28] (S): Media business-growth-1 already exists.
[15/Feb/2021:13:31:28] (S): Media dollar-1 already exists.
[15/Feb/2021:13:31:28] (S): Media clock-1 already exists.
[15/Feb/2021:13:31:28] (S): Media smile-1 already exists.
[15/Feb/2021:13:31:28] (S): Media envelope-1 already exists.
[15/Feb/2021:13:31:28] (S): Media map-1 already exists.
[15/Feb/2021:13:31:28] (S): Media photography-1 already exists.
[15/Feb/2021:13:31:28] (S): Media phone-1 already exists.
[15/Feb/2021:13:31:28] (S): Media chart-up-1 already exists.
[15/Feb/2021:13:31:28] (S): Media user-1 already exists.
[15/Feb/2021:13:31:28] (S): Media heart-1 already exists.
[15/Feb/2021:13:31:28] (S): Media gift-1 already exists.
[15/Feb/2021:13:31:28] (S): Media nv-5 already exists.
[15/Feb/2021:13:31:28] (S): Media nv-4 already exists.
[15/Feb/2021:13:31:28] (S): Media nv-6 already exists.
[15/Feb/2021:13:31:28] (S): Media nv-testimonial-signature already exists.
[15/Feb/2021:13:31:28] (S): Media alexis-blockquote6 already exists.
[15/Feb/2021:13:31:28] (S): Media unlimited-revisions2 already exists.
[15/Feb/2021:13:31:28] (S): Media ultimate-perfection-1 already exists.
[15/Feb/2021:13:31:28] (S): Media smart-experience1 already exists.
[15/Feb/2021:13:31:28] (S): Media strict-deadline1 already exists.
[15/Feb/2021:13:31:28] (S): Media reputed-copmany1 already exists.
[15/Feb/2021:13:31:28] (S): Media nv-team1-4 already exists.
[15/Feb/2021:13:31:28] (S): Media nv-team2-1 already exists.
[15/Feb/2021:13:31:28] (S): Media nv-team3-1 already exists.
[15/Feb/2021:13:31:28] (S): Media nv-team4-1 already exists.
[15/Feb/2021:13:31:28] (S): Media orages-smoothie1.jpg already exists.
[15/Feb/2021:13:31:28] (S): Media banana-strawbery-smoothie1.jpg already exists.
[15/Feb/2021:13:31:28] (S): Media cucumber-water1.jpg already exists.
[15/Feb/2021:13:31:28] (S): Media lemonade1.jpg already exists.
[15/Feb/2021:13:31:28] (S): Media citronnade1.jpg already exists.
[15/Feb/2021:13:31:28] (S): Media blog-3 already exists.
[15/Feb/2021:13:31:28] (S): Media blog-2 already exists.
[15/Feb/2021:13:31:28] (S): Media blog-1 already exists.
[15/Feb/2021:13:31:28] (P): Inserting page: Home .
[15/Feb/2021:13:31:28] (S): Done inserting page: Home .
[15/Feb/2021:13:31:28] (P): Filtering elementor meta...
[15/Feb/2021:13:31:28] (S): Filtered elementor meta.
[15/Feb/2021:13:31:28] (S): Custom CSS neve already exists.
[15/Feb/2021:13:31:28] (S): Media street-at-night already exists.
[15/Feb/2021:13:31:28] (P): Processing single menu item ' About us '...
[15/Feb/2021:13:31:28] (S): Menu item already exists.
[15/Feb/2021:13:31:28] (P): Processing single menu item ' Our Focus '...
[15/Feb/2021:13:31:28] (S): Menu item already exists.
[15/Feb/2021:13:31:28] (P): Processing single menu item ' Our Team '...
[15/Feb/2021:13:31:28] (S): Menu item already exists.
[15/Feb/2021:13:31:28] (P): Processing single menu item ' Features '...
[15/Feb/2021:13:31:28] (S): Menu item already exists.
[15/Feb/2021:13:31:28] (P): Processing single menu item ' Pricing '...
[15/Feb/2021:13:31:28] (S): Menu item already exists.
[15/Feb/2021:13:31:28] (P): Processing single menu item ' Testimonials '...
[15/Feb/2021:13:31:28] (S): Menu item already exists.
[15/Feb/2021:13:31:28] (P): Processing single menu item ' Contact us '...
[15/Feb/2021:13:31:28] (S): Menu item already exists.
[15/Feb/2021:13:31:28] (S): Media fruits-mix-smoothie-new already exists.
[15/Feb/2021:13:31:28] (S): Media cucumber-lime-water-new already exists.
[15/Feb/2021:13:31:28] (S): Media apple-cucumbert-smoothie already exists.
[15/Feb/2021:13:31:28] (S): Media apple-peppermint-smoothie-new already exists.
[15/Feb/2021:13:31:28] (P): Processing single menu item ' '...
[15/Feb/2021:13:31:28] (P): Processing single menu item ' '...
[15/Feb/2021:13:31:28] (S): Media blog-4 already exists.
[15/Feb/2021:13:31:28] (P): Processing single menu item ' Sections '...
[15/Feb/2021:13:31:28] (S): Menu item already exists.
[15/Feb/2021:13:31:28] (S): Media woocommerce-placeholder already exists.
[15/Feb/2021:13:31:28] (S): Page Blog already exists.
[15/Feb/2021:13:31:28] (S): Page Shop already exists.
[15/Feb/2021:13:31:28] (S): Page Cart already exists.
[15/Feb/2021:13:31:28] (S): Page Checkout already exists.
[15/Feb/2021:13:31:28] (S): Page My account already exists.
[15/Feb/2021:13:31:28] (S): Processed posts.
[15/Feb/2021:13:31:28] (P): Processing single menu item ' '...
[15/Feb/2021:13:31:28] (S): Menu item already exists.
[15/Feb/2021:13:31:28] (P): Processing single menu item ' '...
[15/Feb/2021:13:31:28] (S): Menu item already exists.
[15/Feb/2021:13:31:28] (P): Cleaning up import with id ...
[15/Feb/2021:13:31:28] (P): Done cleanup. Flushing cache...
[15/Feb/2021:13:31:28] (P): Flushed cache. Removing temporary data..
[15/Feb/2021:13:31:28] (S): Done importing
[15/Feb/2021:13:31:28] (P): Busting elementor cache
[15/Feb/2021:13:31:28] (S): Front page set up with id: 91.
[15/Feb/2021:13:31:28] (P): Setting up shop page.
[15/Feb/2021:13:31:28] (S): Shop pages set up.
